Created by PLY version 3.11 (http://www.dabeaz.com/ply)

Unused terminals:

    ADD
    ALTER
    BASE
    BREAK
    CARACTERES
    CARACTERESVARIABLES
    CAST
    COLUMN
    CONCATENAR
    CONTAR
    CONTINUE
    DATA
    DEFAULT
    DELETE
    DROP
    FECHA
    FECHAHORA
    FOR
    FROM
    HOY
    IN
    INSERT
    INTO
    KEY
    LEN
    LOOP
    LOWER
    NOT
    PRIMARY
    PRINT
    PUNTO
    PUNTOSUSPENSIVOS
    REFERENCE
    RENAME
    ROUND
    SUBSTRAER
    SUMAR
    TABLE
    THEN
    TO
    TRUNCATE
    TYPEOF
    UPDATE
    UPPER
    USE
    VALUES
    WHERE

Grammar

Rule 0     S' -> program
Rule 1     program -> statements
Rule 2     statements -> statements statement
Rule 3     statements -> statement
Rule 4     statement -> declaracion
Rule 5     statement -> asignacion
Rule 6     statement -> select
Rule 7     statement -> condicion
Rule 8     statement -> procedure
Rule 9     statement -> llamada
Rule 10    statement -> function
Rule 11    statement -> return
Rule 12    statement -> ciclo
Rule 13    declaracion -> DECLARE IDVARIABLE AS TIPODATO PUNTOYCOMA
Rule 14    asignacion -> SET IDVARIABLE IGUAL expresion PUNTOYCOMA
Rule 15    select -> SELECT expresion PUNTOYCOMA
Rule 16    condicion -> IF PARENTESISABRE expresion PARENTESISCIERRA BEGIN statements END PUNTOYCOMA
Rule 17    condicion -> IF PARENTESISABRE expresion PARENTESISCIERRA BEGIN statements END ELSE BEGIN statements END PUNTOYCOMA
Rule 18    return -> RETURN expresion PUNTOYCOMA
Rule 19    return -> RETURN PUNTOYCOMA
Rule 20    ciclo -> WHILE PARENTESISABRE expresion PARENTESISCIERRA BEGIN statements END
Rule 21    procedure -> CREATE PROCEDURE IDENTIFICADORGLOBAL PARENTESISABRE args_list PARENTESISCIERRA AS BEGIN statements END PUNTOYCOMA
Rule 22    procedure -> CREATE PROCEDURE IDENTIFICADORGLOBAL PARENTESISABRE PARENTESISCIERRA AS BEGIN statements END PUNTOYCOMA
Rule 23    function -> CREATE FUNCTION IDENTIFICADORGLOBAL PARENTESISABRE args_list PARENTESISCIERRA RETURN TIPODATO AS BEGIN statements END PUNTOYCOMA
Rule 24    function -> CREATE FUNCTION IDENTIFICADORGLOBAL PARENTESISABRE PARENTESISCIERRA RETURN TIPODATO AS BEGIN statements END PUNTOYCOMA
Rule 25    llamada -> EXEC IDENTIFICADORGLOBAL PARENTESISABRE params_list PARENTESISCIERRA PUNTOYCOMA
Rule 26    llamada -> EXEC IDENTIFICADORGLOBAL PARENTESISABRE PARENTESISCIERRA PUNTOYCOMA
Rule 27    args_list -> args_list COMA IDVARIABLE TIPODATO
Rule 28    args_list -> IDVARIABLE TIPODATO
Rule 29    params_list -> params_list COMA IDVARIABLE IGUAL expresion
Rule 30    params_list -> IDVARIABLE IGUAL expresion
Rule 31    expresion -> relacionales
Rule 32    expresion -> logicas
Rule 33    expresion -> valoresfinales
Rule 34    expresion -> aritmeticas
Rule 35    expresion -> PARENTESISABRE expresion PARENTESISCIERRA
Rule 36    expresion -> IDENTIFICADORGLOBAL PARENTESISABRE params_list PARENTESISCIERRA
Rule 37    valoresfinales -> ENTERO
Rule 38    valoresfinales -> DECIMAL
Rule 39    valoresfinales -> CADENA
Rule 40    valoresfinales -> IDVARIABLE
Rule 41    valoresfinales -> BOOL
Rule 42    valoresfinales -> NULL
Rule 43    relacionales -> expresion MAYOR expresion
Rule 44    relacionales -> expresion MENOR expresion
Rule 45    relacionales -> expresion MAYORIGUAL expresion
Rule 46    relacionales -> expresion MENORIGUAL expresion
Rule 47    relacionales -> expresion IGUALLOGICO expresion
Rule 48    relacionales -> expresion DIFERENTE expresion
Rule 49    logicas -> expresion AND expresion
Rule 50    logicas -> expresion OR expresion
Rule 51    aritmeticas -> RESTA expresion
Rule 52    aritmeticas -> expresion SUMA expresion
Rule 53    aritmeticas -> expresion RESTA expresion
Rule 54    aritmeticas -> expresion MULTIPLICACION expresion
Rule 55    aritmeticas -> expresion DIVISION expresion

Terminals, with rules where they appear

ADD                  : 
ALTER                : 
AND                  : 49
AS                   : 13 21 22 23 24
BASE                 : 
BEGIN                : 16 17 17 20 21 22 23 24
BREAK                : 
CADENA               : 39
CARACTERES           : 
CARACTERESVARIABLES  : 
CAST                 : 
COLUMN               : 
COMA                 : 27 29
CONCATENAR           : 
CONTAR               : 
CONTINUE             : 
CREATE               : 21 22 23 24
DATA                 : 
DECIMAL              : 38
DECLARE              : 13
DEFAULT              : 
DELETE               : 
DIFERENTE            : 48
DIVISION             : 55
DROP                 : 
ELSE                 : 17
END                  : 16 17 17 20 21 22 23 24
ENTERO               : 37
FECHA                : 
FECHAHORA            : 
FOR                  : 
FROM                 : 
FUNCTION             : 23 24
HOY                  : 
IDENTIFICADORGLOBAL  : 21 22 23 24 25 26 36
IDVARIABLE           : 13 14 27 28 29 30 40
IF                   : 16 17
IGUAL                : 14 29 30
IGUALLOGICO          : 47
IN                   : 
INSERT               : 
INTO                 : 
KEY                  : 
LEN                  : 
LOOP                 : 
LOWER                : 
MAYOR                : 43
MAYORIGUAL           : 45
MENOR                : 44
MENORIGUAL           : 46
MULTIPLICACION       : 54
NOT                  : 
NULL                 : 42
OR                   : 50
PARENTESISABRE       : 16 17 20 21 22 23 24 25 26 35 36
PARENTESISCIERRA     : 16 17 20 21 22 23 24 25 26 35 36
PRIMARY              : 
PRINT                : 
PROCEDURE            : 21 22
PUNTO                : 
PUNTOSUSPENSIVOS     : 
PUNTOYCOMA           : 13 14 15 16 17 18 19 21 22 23 24 25 26
REFERENCE            : 
RENAME               : 
RESTA                : 51 53
RETURN               : 18 19 23 24
ROUND                : 
SELECT               : 15
SET                  : 14
SUBSTRAER            : 
SUMA                 : 52
SUMAR                : 
TABLE                : 
THEN                 : 
TIPODATO             : 13 23 24 27 28
TO                   : 
TRUNCATE             : 
TYPEOF               : 
UPDATE               : 
UPPER                : 
USE                  : 
VALUES               : 
WHERE                : 
WHILE                : 20
error                : 

Nonterminals, with rules where they appear

BOOL                 : 41
EXEC                 : 25 26
args_list            : 21 23 27
aritmeticas          : 34
asignacion           : 5
ciclo                : 12
condicion            : 7
declaracion          : 4
expresion            : 14 15 16 17 18 20 29 30 35 43 43 44 44 45 45 46 46 47 47 48 48 49 49 50 50 51 52 52 53 53 54 54 55 55
function             : 10
llamada              : 9
logicas              : 32
params_list          : 25 29 36
procedure            : 8
program              : 0
relacionales         : 31
return               : 11
select               : 6
statement            : 2 3
statements           : 1 2 16 17 17 20 21 22 23 24
valoresfinales       : 33

